Build started 2013/8/25 22:38:32.
     1>Project "G:\MyProjects\VS\VC\CEC2005\CEC2005.vcxproj" on node 2 (build target(s)).
     1>InitializeBuildStatus:
         Creating "Debug\CEC2005.unsuccessfulbuild" because "AlwaysCreate" was specified.
       ClCompile:
         D:\software\VS2010\VC\bin\CL.exe /c /Zi /nologo /W3 /WX- /Od /Oy- /D WIN32 /D _DEBUG /D _CONSOLE /Gm /EHsc /RTC1 /MDd /GS /fp:precise /Zc:wchar_t /Zc:forScope /Fo"Debug\\" /Fd"Debug\vc100.pdb" /Gd /TC /analyze- /errorReport:prompt optimization.c
         optimization.c
       ManifestResourceCompile:
         All outputs are up-to-date.
       Link:
         D:\software\VS2010\VC\bin\link.exe /ERRORREPORT:PROMPT /OUT:"G:\MyProjects\VS\VC\CEC2005\Debug\CEC2005.exe" /INCREMENTAL /NOLOGO kernel32.lib user32.lib gdi32.lib winspool.lib comdlg32.lib advapi32.lib shell32.lib ole32.lib oleaut32.lib uuid.lib odbc32.lib odbccp32.lib /MANIFEST /ManifestFile:"Debug\CEC2005.exe.intermediate.manifest" /MANIFESTUAC:"level='asInvoker' uiAccess='false'" /DEBUG /PDB:"G:\MyProjects\VS\VC\CEC2005\Debug\CEC2005.pdb" /SUBSYSTEM:CONSOLE /TLBID:1 /DYNAMICBASE /NXCOMPAT /IMPLIB:"G:\MyProjects\VS\VC\CEC2005\Debug\CEC2005.lib" /MACHINE:X86 Debug\CEC2005.exe.embed.manifest.res
         Debug\auxiliary.obj
         Debug\decomposition.obj
         Debug\def1.obj
         Debug\def2.obj
         Debug\def3.obj
         Debug\def4.obj
         Debug\main.obj
         Debug\mydef.obj
         Debug\optimization.obj
         Debug\rand.obj
       Manifest:
         C:\Program Files (x86)\Microsoft SDKs\Windows\v7.0A\bin\mt.exe /nologo /verbose /out:"Debug\CEC2005.exe.embed.manifest" /manifest Debug\CEC2005.exe.intermediate.manifest
         All outputs are up-to-date.
       LinkEmbedManifest:
         All outputs are up-to-date.
         CEC2005.vcxproj -> G:\MyProjects\VS\VC\CEC2005\Debug\CEC2005.exe
       FinalizeBuildStatus:
         Deleting file "Debug\CEC2005.unsuccessfulbuild".
         Touching "Debug\CEC2005.lastbuildstate".
     1>Done Building Project "G:\MyProjects\VS\VC\CEC2005\CEC2005.vcxproj" (build target(s)).

Build succeeded.

Time Elapsed 00:00:01.15
